<?xml version="1.0" encoding="UTF-8"?>
<!-- Generated by org.testng.reporters.JUnitXMLReporter -->
<testsuite hostname="balaji-27" ignored="0" name="Test" tests="8" failures="0" timestamp="27 Oct 2018 13:19:54 GMT" time="188.961" errors="0">
  <testcase name="validateNewcontact" time="6.336" classname="com.crm.qa.testcases.ContactsPageTest"/>
  <testcase name="validateNewcontact" time="4.954" classname="com.crm.qa.testcases.ContactsPageTest"/>
  <testcase name="loginpageTitletest" time="0.016" classname="com.crm.qa.testcases.LoginPageTest"/>
  <testcase name="verifyhomepagetitleTest" time="0.011" classname="com.crm.qa.testcases.HomePageTest"/>
  <testcase name="loginCRMlogoTest" time="0.088" classname="com.crm.qa.testcases.LoginPageTest"/>
  <testcase name="verifyusernameLabelTest" time="0.174" classname="com.crm.qa.testcases.HomePageTest"/>
  <testcase name="logintest" time="7.68" classname="com.crm.qa.testcases.LoginPageTest"/>
  <testcase name="verifyContactsLink" time="1.724" classname="com.crm.qa.testcases.HomePageTest"/>
</testsuite> <!-- Test -->
